Name:                                                     scaletestapp-hpa-memory
Namespace:                                                default
Labels:                                                   <none>
Annotations:                                              <none>
CreationTimestamp:                                        Thu, 28 Aug 2025 09:19:03 +0400
Reference:                                                Deployment/scaletestapp
Metrics:                                                  ( current / target )
  resource memory on pods  (as a percentage of request):  73% (15460352) / 80%
Min replicas:                                             1
Max replicas:                                             10
Behavior:
  Scale Up:
    Stabilization Window: 30 seconds
    Select Policy: Max
    Policies:
      - Type: Percent  Value: 100  Period: 30 seconds
      - Type: Pods     Value: 2    Period: 30 seconds
  Scale Down:
    Stabilization Window: 60 seconds
    Select Policy: Max
    Policies:
      - Type: Percent  Value: 50  Period: 60 seconds
Deployment pods:       2 current / 2 desired
Conditions:
  Type            Status  Reason              Message
  ----            ------  ------              -------
  AbleToScale     True    ReadyForNewScale    recommended size matches current size
  ScalingActive   True    ValidMetricFound    the HPA was able to successfully calculate a replica count from memory resource utilization (percentage of request)
  ScalingLimited  False   DesiredWithinRange  the desired count is within the acceptable range
Events:
  Type     Reason                        Age   From                       Message
  ----     ------                        ----  ----                       -------
  Warning  FailedGetResourceMetric       22m   horizontal-pod-autoscaler  failed to get memory utilization: unable to get metrics for resource memory: no metrics returned from resource metrics API
  Warning  FailedComputeMetricsReplicas  22m   horizontal-pod-autoscaler  invalid metrics (1 invalid out of 1), first error is: failed to get memory resource metric value: failed to get memory utilization: unable to get metrics for resource memory: no metrics returned from resource metrics API
  Normal   SuccessfulRescale             117s  horizontal-pod-autoscaler  New size: 2; reason: memory resource utilization (percentage of request) above target
