{
  "kind": "MetricValueList",
  "apiVersion": "custom.metrics.k8s.io/v1beta1",
  "metadata": {},
  "items": [
    {
      "describedObject": {
        "kind": "Pod",
        "namespace": "default",
        "name": "scaletestapp-866dd9cf84-6zrtz",
        "apiVersion": "/v1"
      },
      "metricName": "requests_per_second",
      "timestamp": "2025-08-28T05:56:53Z",
      "value": "0",
      "selector": null
    },
    {
      "describedObject": {
        "kind": "Pod",
        "namespace": "default",
        "name": "scaletestapp-866dd9cf84-8v247",
        "apiVersion": "/v1"
      },
      "metricName": "requests_per_second",
      "timestamp": "2025-08-28T05:56:53Z",
      "value": "0",
      "selector": null
    },
    {
      "describedObject": {
        "kind": "Pod",
        "namespace": "default",
        "name": "scaletestapp-866dd9cf84-hmsc2",
        "apiVersion": "/v1"
      },
      "metricName": "requests_per_second",
      "timestamp": "2025-08-28T05:56:53Z",
      "value": "0",
      "selector": null
    },
    {
      "describedObject": {
        "kind": "Pod",
        "namespace": "default",
        "name": "scaletestapp-866dd9cf84-lb6j6",
        "apiVersion": "/v1"
      },
      "metricName": "requests_per_second",
      "timestamp": "2025-08-28T05:56:53Z",
      "value": "0",
      "selector": null
    },
    {
      "describedObject": {
        "kind": "Pod",
        "namespace": "default",
        "name": "scaletestapp-866dd9cf84-lglcv",
        "apiVersion": "/v1"
      },
      "metricName": "requests_per_second",
      "timestamp": "2025-08-28T05:56:53Z",
      "value": "0",
      "selector": null
    },
    {
      "describedObject": {
        "kind": "Pod",
        "namespace": "default",
        "name": "scaletestapp-866dd9cf84-nntnp",
        "apiVersion": "/v1"
      },
      "metricName": "requests_per_second",
      "timestamp": "2025-08-28T05:56:53Z",
      "value": "0",
      "selector": null
    }
  ]
}
